<?xml version="1.0" encoding="UTF-8"?>
<!-- Generated by org.testng.reporters.JUnitXMLReporter -->
<testsuite hostname="LAP-SSURADKAR1" ignored="4" name="Test" tests="4" failures="0" timestamp="2020-11-02T17:35:09 IST" time="29.071" errors="0">
  <testcase name="verifyHomePageTitle" time="0.336" classname="com.qa.techlift.test.HomeTest"/>
  <testcase name="verifyCopyRight" time="0.055" classname="com.qa.techlift.test.HomeTest"/>
  <testcase name="verifysuccessfullLogin" time="8.693" classname="com.qa.techlift.test.LoginTest"/>
  <testcase name="verifyNewItemCreation" time="9.281" classname="com.qa.techlift.test.ItemTest"/>
  <testcase name="@AfterSuite endtest" time="0.0" classname="com.qa.techlift.testbase.TestBase">
    <ignored/>
  </testcase> <!-- @AfterSuite endtest -->
  <testcase name="@AfterSuite endtest" time="0.0" classname="com.qa.techlift.testbase.TestBase">
    <ignored/>
  </testcase> <!-- @AfterSuite endtest -->
  <testcase name="@BeforeSuite initialization" time="0.0" classname="com.qa.techlift.testbase.TestBase">
    <ignored/>
  </testcase> <!-- @BeforeSuite initialization -->
  <testcase name="@BeforeSuite initialization" time="0.0" classname="com.qa.techlift.testbase.TestBase">
    <ignored/>
  </testcase> <!-- @BeforeSuite initialization -->
</testsuite> <!-- Test -->
