<?xml version="1.0" encoding="UTF-8"?>
<testng-results skipped="0" failed="0" ignored="4" total="8" passed="4">
  <reporter-output>
  </reporter-output>
  <suite name="Suite" duration-ms="29071" started-at="2020-11-02T17:34:39 IST" finished-at="2020-11-02T17:35:08 IST">
    <groups>
    </groups>
    <test name="Test" duration-ms="29071" started-at="2020-11-02T17:34:39 IST" finished-at="2020-11-02T17:35:08 IST">
      <class name="com.qa.techlift.test.ItemTest">
        <test-method status="PASS" signature="setUp()[pri:0, instance:com.qa.techlift.test.ItemTest@2c1156a7]" name="setUp" is-config="true" duration-ms="10598" started-at="2020-11-02T17:34:49 IST" finished-at="2020-11-02T17:34:59 IST">
          <reporter-output>
          </reporter-output>
        </test-method> <!-- setUp -->
        <test-method status="PASS" signature="verifyNewItemCreation()[pri:4, instance:com.qa.techlift.test.ItemTest@2c1156a7]" name="verifyNewItemCreation" duration-ms="9281" started-at="2020-11-02T17:34:59 IST" finished-at="2020-11-02T17:35:08 IST">
          <reporter-output>
          </reporter-output>
        </test-method> <!-- verifyNewItemCreation -->
      </class> <!-- com.qa.techlift.test.ItemTest -->
      <class name="com.qa.techlift.test.HomeTest">
        <test-method status="PASS" signature="initialization()[pri:0, instance:com.qa.techlift.test.HomeTest@149dd36b]" name="initialization" is-config="true" duration-ms="9375" started-at="2020-11-02T17:34:30 IST" finished-at="2020-11-02T17:34:39 IST">
          <reporter-output>
          </reporter-output>
        </test-method> <!-- initialization -->
        <test-method status="PASS" signature="verifyHomePageTitle()[pri:1, instance:com.qa.techlift.test.HomeTest@149dd36b]" name="verifyHomePageTitle" duration-ms="336" started-at="2020-11-02T17:34:39 IST" finished-at="2020-11-02T17:34:40 IST">
          <reporter-output>
          </reporter-output>
        </test-method> <!-- verifyHomePageTitle -->
        <test-method status="PASS" signature="verifyCopyRight()[pri:2, instance:com.qa.techlift.test.HomeTest@149dd36b]" name="verifyCopyRight" duration-ms="55" started-at="2020-11-02T17:34:40 IST" finished-at="2020-11-02T17:34:40 IST">
          <reporter-output>
          </reporter-output>
        </test-method> <!-- verifyCopyRight -->
        <test-method status="PASS" signature="endtest()[pri:0, instance:com.qa.techlift.test.HomeTest@149dd36b]" name="endtest" is-config="true" duration-ms="937" started-at="2020-11-02T17:35:09 IST" finished-at="2020-11-02T17:35:10 IST">
          <reporter-output>
          </reporter-output>
        </test-method> <!-- endtest -->
      </class> <!-- com.qa.techlift.test.HomeTest -->
      <class name="com.qa.techlift.test.LoginTest">
        <test-method status="PASS" signature="verifysuccessfullLogin()[pri:3, instance:com.qa.techlift.test.LoginTest@38831718]" name="verifysuccessfullLogin" duration-ms="8693" started-at="2020-11-02T17:34:40 IST" finished-at="2020-11-02T17:34:49 IST">
          <reporter-output>
          </reporter-output>
        </test-method> <!-- verifysuccessfullLogin -->
      </class> <!-- com.qa.techlift.test.LoginTest -->
    </test> <!-- Test -->
  </suite> <!-- Suite -->
</testng-results>
